2021-12-12 16:54:09 [CLIENT] [INFO] Setting user: vovan2005
2021-12-12 16:54:10 [CLIENT] [INFO] LWJGL Version: 2.9.0
2021-12-12 16:54:10 [CLIENT] [INFO] Reloading ResourceManager: Default
2021-12-12 16:54:12 [CLIENT] [INFO] Reloading ResourceManager: Default, FMLFileResourcePack:Forge Mod Loader, FMLFileResourcePack:Minecraft Forge
2021-12-12 16:54:13 [CLIENT] [INFO] Reloading ResourceManager: Default, FMLFileResourcePack:Forge Mod Loader, FMLFileResourcePack:Minecraft Forge
2021-12-12 16:54:13 [CLIENT] [SEVERE] Realms: Server not available!
2021-12-12 16:54:16 [CLIENT] [INFO] Stopping!
2021-12-13 18:17:59 [CLIENT] [INFO] Setting user: vovan2005
2021-12-13 18:17:59 [CLIENT] [INFO] LWJGL Version: 2.9.0
2021-12-13 18:18:00 [CLIENT] [INFO] Reloading ResourceManager: Default
2021-12-13 18:18:02 [CLIENT] [INFO] Reloading ResourceManager: Default, FMLFileResourcePack:Forge Mod Loader, FMLFileResourcePack:Minecraft Forge
2021-12-13 18:18:02 [CLIENT] [INFO] Reloading ResourceManager: Default, FMLFileResourcePack:Forge Mod Loader, FMLFileResourcePack:Minecraft Forge
2021-12-13 18:18:03 [CLIENT] [SEVERE] Realms: Server not available!
2021-12-13 18:18:04 [CLIENT] [INFO] Stopping!
2021-12-13 18:19:24 [CLIENT] [INFO] Setting user: vovan2005
2021-12-13 18:19:24 [CLIENT] [INFO] LWJGL Version: 2.9.0
2021-12-13 18:19:25 [CLIENT] [INFO] Reloading ResourceManager: Default
2021-12-13 18:19:26 [CLIENT] [INFO] Reloading ResourceManager: Default, FMLFileResourcePack:Forge Mod Loader, FMLFileResourcePack:Minecraft Forge
2021-12-13 18:19:27 [CLIENT] [INFO] Reloading ResourceManager: Default, FMLFileResourcePack:Forge Mod Loader, FMLFileResourcePack:Minecraft Forge
2021-12-13 18:19:27 [CLIENT] [SEVERE] Realms: Server not available!
2021-12-13 18:24:51 [CLIENT] [INFO] Stopping!
2021-12-14 17:32:22 [CLIENT] [INFO] Setting user: vovan2005
2021-12-14 17:32:22 [CLIENT] [INFO] LWJGL Version: 2.9.0
2021-12-14 17:32:23 [CLIENT] [INFO] Reloading ResourceManager: Default
2021-12-14 17:32:24 [CLIENT] [INFO] Reloading ResourceManager: Default, FMLFileResourcePack:Forge Mod Loader, FMLFileResourcePack:Minecraft Forge
2021-12-14 17:32:25 [CLIENT] [INFO] Reloading ResourceManager: Default, FMLFileResourcePack:Forge Mod Loader, FMLFileResourcePack:Minecraft Forge
2021-12-14 17:32:25 [CLIENT] [SEVERE] Realms: Server not available!
2021-12-14 17:32:35 [CLIENT] [INFO] [CHAT] Saved screenshot as 2021-12-14_17.32.35.png
2021-12-14 17:33:32 [CLIENT] [INFO] Stopping!
2021-12-14 17:34:42 [CLIENT] [INFO] Setting user: vovan2005
2021-12-14 17:34:42 [CLIENT] [INFO] LWJGL Version: 2.9.0
2021-12-14 17:34:43 [CLIENT] [INFO] Reloading ResourceManager: Default
2021-12-14 17:34:45 [CLIENT] [INFO] Reloading ResourceManager: Default, FMLFileResourcePack:Forge Mod Loader, FMLFileResourcePack:Minecraft Forge
2021-12-14 17:34:45 [CLIENT] [INFO] Reloading ResourceManager: Default, FMLFileResourcePack:Forge Mod Loader, FMLFileResourcePack:Minecraft Forge
2021-12-14 17:34:46 [CLIENT] [SEVERE] Realms: Server not available!
2021-12-14 17:35:06 [CLIENT] [INFO] Stopping!
2021-12-14 18:04:50 [CLIENT] [INFO] Setting user: vovan2005
2021-12-14 18:04:51 [CLIENT] [INFO] LWJGL Version: 2.9.0
2021-12-14 18:04:51 [CLIENT] [INFO] Reloading ResourceManager: Default
2021-12-14 18:04:53 [CLIENT] [INFO] Reloading ResourceManager: Default, FMLFileResourcePack:Forge Mod Loader, FMLFileResourcePack:Minecraft Forge
2021-12-14 18:04:53 [CLIENT] [INFO] Reloading ResourceManager: Default, FMLFileResourcePack:Forge Mod Loader, FMLFileResourcePack:Minecraft Forge
2021-12-14 18:04:54 [CLIENT] [SEVERE] Realms: Server not available!
2021-12-14 18:04:56 [CLIENT] [INFO] Stopping!
2021-12-14 18:04:58 [CLIENT] [INFO] Setting user: vovan2005
2021-12-14 18:04:59 [CLIENT] [INFO] LWJGL Version: 2.9.0
2021-12-14 18:05:00 [CLIENT] [INFO] Reloading ResourceManager: Default
2021-12-14 18:05:01 [CLIENT] [INFO] Reloading ResourceManager: Default, FMLFileResourcePack:Forge Mod Loader, FMLFileResourcePack:Minecraft Forge
2021-12-14 18:05:02 [CLIENT] [INFO] Reloading ResourceManager: Default, FMLFileResourcePack:Forge Mod Loader, FMLFileResourcePack:Minecraft Forge
2021-12-14 18:05:02 [CLIENT] [SEVERE] Realms: Server not available!
2021-12-14 18:05:02 [CLIENT] [INFO] Stopping!
2021-12-14 18:16:19 [CLIENT] [INFO] Setting user: vovan2005
2021-12-14 18:16:19 [CLIENT] [INFO] LWJGL Version: 2.9.0
2021-12-14 18:16:20 [CLIENT] [INFO] Reloading ResourceManager: Default
2021-12-14 18:16:22 [CLIENT] [INFO] Reloading ResourceManager: Default, FMLFileResourcePack:Forge Mod Loader, FMLFileResourcePack:Minecraft Forge
2021-12-14 18:16:22 [CLIENT] [INFO] Reloading ResourceManager: Default, FMLFileResourcePack:Forge Mod Loader, FMLFileResourcePack:Minecraft Forge
2021-12-14 18:16:22 [CLIENT] [SEVERE] Realms: Server not available!
2021-12-14 18:16:25 [CLIENT] [INFO] Stopping!
2021-12-14 18:17:12 [CLIENT] [INFO] Setting user: vovan2005
2021-12-14 18:17:12 [CLIENT] [INFO] LWJGL Version: 2.9.0
2021-12-14 18:17:13 [CLIENT] [INFO] Reloading ResourceManager: Default
2021-12-14 18:17:15 [CLIENT] [INFO] Reloading ResourceManager: Default, FMLFileResourcePack:Forge Mod Loader, FMLFileResourcePack:Minecraft Forge
2021-12-14 18:17:15 [CLIENT] [INFO] Reloading ResourceManager: Default, FMLFileResourcePack:Forge Mod Loader, FMLFileResourcePack:Minecraft Forge
2021-12-14 18:17:16 [CLIENT] [SEVERE] Realms: Server not available!
2021-12-14 18:17:23 [CLIENT] [INFO] Stopping!
2021-12-15 17:19:33 [CLIENT] [INFO] Setting user: vovan2005
2021-12-15 17:19:34 [CLIENT] [INFO] LWJGL Version: 2.9.0
2021-12-15 17:19:34 [CLIENT] [INFO] Reloading ResourceManager: Default
2021-12-15 17:19:42 [CLIENT] [INFO] Reloading ResourceManager: Default, FMLFileResourcePack:Forge Mod Loader, FMLFileResourcePack:Minecraft Forge
2021-12-15 17:19:43 [CLIENT] [INFO] Reloading ResourceManager: Default, FMLFileResourcePack:Forge Mod Loader, FMLFileResourcePack:Minecraft Forge
2021-12-15 17:19:43 [CLIENT] [SEVERE] Realms: Server not available!
2021-12-15 17:19:49 [CLIENT] [INFO] Stopping!
2021-12-15 19:14:14 [CLIENT] [INFO] Setting user: vovan2005
2021-12-15 19:14:15 [CLIENT] [INFO] LWJGL Version: 2.9.0
2021-12-15 19:14:15 [CLIENT] [INFO] Reloading ResourceManager: Default
2021-12-15 19:14:17 [CLIENT] [INFO] Reloading ResourceManager: Default, FMLFileResourcePack:Forge Mod Loader, FMLFileResourcePack:Minecraft Forge
2021-12-15 19:14:17 [CLIENT] [INFO] Reloading ResourceManager: Default, FMLFileResourcePack:Forge Mod Loader, FMLFileResourcePack:Minecraft Forge
2021-12-15 19:14:18 [CLIENT] [SEVERE] Realms: Server not available!
2021-12-15 19:14:21 [CLIENT] [INFO] Stopping!
2021-12-15 19:16:21 [CLIENT] [INFO] Setting user: vovan2005
2021-12-15 19:16:22 [CLIENT] [INFO] LWJGL Version: 2.9.0
2021-12-15 19:16:22 [CLIENT] [INFO] Reloading ResourceManager: Default
2021-12-15 19:16:24 [CLIENT] [INFO] Reloading ResourceManager: Default, FMLFileResourcePack:Forge Mod Loader, FMLFileResourcePack:Minecraft Forge
2021-12-15 19:16:24 [CLIENT] [INFO] Reloading ResourceManager: Default, FMLFileResourcePack:Forge Mod Loader, FMLFileResourcePack:Minecraft Forge
2021-12-15 19:16:25 [CLIENT] [SEVERE] Realms: Server not available!
2021-12-15 19:16:25 [CLIENT] [INFO] Stopping!
2021-12-15 19:17:24 [CLIENT] [INFO] Setting user: vovan2005
2021-12-15 19:17:25 [CLIENT] [INFO] LWJGL Version: 2.9.0
2021-12-15 19:17:25 [CLIENT] [INFO] Reloading ResourceManager: Default
2021-12-15 19:17:27 [CLIENT] [INFO] Reloading ResourceManager: Default, FMLFileResourcePack:Forge Mod Loader, FMLFileResourcePack:Minecraft Forge
2021-12-15 19:17:27 [CLIENT] [INFO] Reloading ResourceManager: Default, FMLFileResourcePack:Forge Mod Loader, FMLFileResourcePack:Minecraft Forge
2021-12-15 19:17:28 [CLIENT] [SEVERE] Realms: Server not available!
2021-12-15 19:17:28 [CLIENT] [INFO] Stopping!
2021-12-15 19:18:01 [CLIENT] [INFO] Setting user: vovan2005
2021-12-15 19:18:02 [CLIENT] [INFO] LWJGL Version: 2.9.0
2021-12-15 19:18:03 [CLIENT] [INFO] Reloading ResourceManager: Default
2021-12-15 19:18:04 [CLIENT] [INFO] Reloading ResourceManager: Default, FMLFileResourcePack:Forge Mod Loader, FMLFileResourcePack:Minecraft Forge
2021-12-15 19:18:05 [CLIENT] [INFO] Reloading ResourceManager: Default, FMLFileResourcePack:Forge Mod Loader, FMLFileResourcePack:Minecraft Forge
2021-12-15 19:18:05 [CLIENT] [SEVERE] Realms: Server not available!
2021-12-15 19:18:05 [CLIENT] [INFO] Stopping!
2021-12-15 19:19:22 [CLIENT] [INFO] Setting user: vovan2005
2021-12-15 19:19:22 [CLIENT] [INFO] LWJGL Version: 2.9.0
2021-12-15 19:19:23 [CLIENT] [INFO] Reloading ResourceManager: Default
2021-12-15 19:19:24 [CLIENT] [INFO] Reloading ResourceManager: Default, FMLFileResourcePack:Forge Mod Loader, FMLFileResourcePack:Minecraft Forge
2021-12-15 19:19:25 [CLIENT] [INFO] Reloading ResourceManager: Default, FMLFileResourcePack:Forge Mod Loader, FMLFileResourcePack:Minecraft Forge
2021-12-15 19:19:25 [CLIENT] [SEVERE] Realms: Server not available!
2021-12-15 19:19:26 [CLIENT] [INFO] Stopping!
2021-12-15 19:20:21 [CLIENT] [INFO] Setting user: vovan2005
2021-12-15 19:20:21 [CLIENT] [INFO] LWJGL Version: 2.9.0
2021-12-15 19:20:22 [CLIENT] [INFO] Reloading ResourceManager: Default
2021-12-15 19:20:23 [CLIENT] [INFO] Reloading ResourceManager: Default, FMLFileResourcePack:Forge Mod Loader, FMLFileResourcePack:Minecraft Forge
2021-12-15 19:20:24 [CLIENT] [INFO] Reloading ResourceManager: Default, FMLFileResourcePack:Forge Mod Loader, FMLFileResourcePack:Minecraft Forge
2021-12-15 19:20:24 [CLIENT] [SEVERE] Realms: Server not available!
2021-12-15 19:20:25 [CLIENT] [INFO] Stopping!
2021-12-15 19:20:40 [CLIENT] [INFO] Setting user: vovan2005
2021-12-15 19:20:41 [CLIENT] [INFO] LWJGL Version: 2.9.0
2021-12-15 19:20:41 [CLIENT] [INFO] Reloading ResourceManager: Default
2021-12-15 19:20:43 [CLIENT] [INFO] Reloading ResourceManager: Default, FMLFileResourcePack:Forge Mod Loader, FMLFileResourcePack:Minecraft Forge
2021-12-15 19:20:43 [CLIENT] [INFO] Reloading ResourceManager: Default, FMLFileResourcePack:Forge Mod Loader, FMLFileResourcePack:Minecraft Forge
2021-12-15 19:20:44 [CLIENT] [INFO] Stopping!
2021-12-15 19:20:44 [CLIENT] [SEVERE] Realms: Server not available!
2021-12-15 19:25:07 [CLIENT] [INFO] Setting user: vovan2005
2021-12-15 19:25:07 [CLIENT] [INFO] LWJGL Version: 2.9.0
2021-12-15 19:25:08 [CLIENT] [INFO] Reloading ResourceManager: Default
2021-12-15 19:25:09 [CLIENT] [INFO] Reloading ResourceManager: Default, FMLFileResourcePack:Forge Mod Loader, FMLFileResourcePack:Minecraft Forge
2021-12-15 19:25:10 [CLIENT] [INFO] Reloading ResourceManager: Default, FMLFileResourcePack:Forge Mod Loader, FMLFileResourcePack:Minecraft Forge
2021-12-15 19:25:10 [CLIENT] [SEVERE] Realms: Server not available!
2021-12-15 19:25:13 [CLIENT] [INFO] Stopping!
2021-12-15 19:28:10 [CLIENT] [INFO] Setting user: Gitler
2021-12-15 19:28:11 [CLIENT] [INFO] LWJGL Version: 2.9.0
2021-12-15 19:28:11 [CLIENT] [INFO] Reloading ResourceManager: Default
2021-12-15 19:28:13 [CLIENT] [INFO] Reloading ResourceManager: Default, FMLFileResourcePack:Forge Mod Loader, FMLFileResourcePack:Minecraft Forge
2021-12-15 19:28:13 [CLIENT] [INFO] Reloading ResourceManager: Default, FMLFileResourcePack:Forge Mod Loader, FMLFileResourcePack:Minecraft Forge
2021-12-15 19:28:14 [CLIENT] [SEVERE] Realms: Server not available!
2021-12-15 19:28:24 [CLIENT] [INFO] [CHAT] <Gitler> dd
2021-12-15 19:28:24 [CLIENT] [INFO] [CHAT] <Gitler> a
2021-12-15 19:29:32 [CLIENT] [INFO] Stopping!
2021-12-15 19:31:22 [CLIENT] [INFO] Setting user: Gitler
2021-12-15 19:31:22 [CLIENT] [INFO] LWJGL Version: 2.9.0
2021-12-15 19:31:23 [CLIENT] [INFO] Reloading ResourceManager: Default
2021-12-15 19:31:25 [CLIENT] [INFO] Reloading ResourceManager: Default, FMLFileResourcePack:Forge Mod Loader, FMLFileResourcePack:Minecraft Forge
2021-12-15 19:31:25 [CLIENT] [INFO] Reloading ResourceManager: Default, FMLFileResourcePack:Forge Mod Loader, FMLFileResourcePack:Minecraft Forge
2021-12-15 19:31:25 [CLIENT] [SEVERE] Realms: Server not available!
2021-12-15 19:31:58 [CLIENT] [INFO] Stopping!
2021-12-15 20:20:31 [CLIENT] [INFO] Setting user: Gitler
2021-12-15 20:20:32 [CLIENT] [INFO] LWJGL Version: 2.9.0
2021-12-15 20:20:32 [CLIENT] [INFO] Reloading ResourceManager: Default
2021-12-15 20:20:34 [CLIENT] [INFO] Reloading ResourceManager: Default, FMLFileResourcePack:Forge Mod Loader, FMLFileResourcePack:Minecraft Forge
2021-12-15 20:20:35 [CLIENT] [INFO] Reloading ResourceManager: Default, FMLFileResourcePack:Forge Mod Loader, FMLFileResourcePack:Minecraft Forge
2021-12-15 20:20:35 [CLIENT] [SEVERE] Realms: Server not available!
2021-12-15 20:20:36 [CLIENT] [INFO] Stopping!
2021-12-15 20:21:18 [CLIENT] [INFO] Setting user: Gitler
2021-12-15 20:21:19 [CLIENT] [INFO] LWJGL Version: 2.9.0
2021-12-15 20:21:19 [CLIENT] [INFO] Reloading ResourceManager: Default
2021-12-15 20:21:21 [CLIENT] [INFO] Reloading ResourceManager: Default, FMLFileResourcePack:Forge Mod Loader, FMLFileResourcePack:Minecraft Forge
2021-12-15 20:21:21 [CLIENT] [INFO] Reloading ResourceManager: Default, FMLFileResourcePack:Forge Mod Loader, FMLFileResourcePack:Minecraft Forge
2021-12-15 20:21:22 [CLIENT] [SEVERE] Realms: Server not available!
2021-12-15 20:21:24 [CLIENT] [INFO] Stopping!
2021-12-15 20:27:30 [CLIENT] [INFO] Setting user: Gitler
2021-12-15 20:27:30 [CLIENT] [INFO] LWJGL Version: 2.9.0
2021-12-15 20:27:31 [CLIENT] [INFO] Reloading ResourceManager: Default
2021-12-15 20:27:33 [CLIENT] [INFO] Reloading ResourceManager: Default, FMLFileResourcePack:Forge Mod Loader, FMLFileResourcePack:Minecraft Forge
2021-12-15 20:27:33 [CLIENT] [INFO] Reloading ResourceManager: Default, FMLFileResourcePack:Forge Mod Loader, FMLFileResourcePack:Minecraft Forge
2021-12-15 20:27:33 [CLIENT] [SEVERE] Realms: Server not available!
2021-12-15 20:27:34 [CLIENT] [INFO] Stopping!
2021-12-15 22:12:07 [CLIENT] [INFO] Setting user: Gitler
2021-12-15 22:12:08 [CLIENT] [INFO] LWJGL Version: 2.9.0
2021-12-15 22:12:08 [CLIENT] [INFO] Reloading ResourceManager: Default
2021-12-15 22:12:10 [CLIENT] [INFO] Reloading ResourceManager: Default, FMLFileResourcePack:Forge Mod Loader, FMLFileResourcePack:Minecraft Forge
2021-12-15 22:12:10 [CLIENT] [INFO] Reloading ResourceManager: Default, FMLFileResourcePack:Forge Mod Loader, FMLFileResourcePack:Minecraft Forge
2021-12-15 22:12:11 [CLIENT] [SEVERE] Realms: Server not available!
2021-12-15 22:12:14 [CLIENT] [INFO] Stopping!
2021-12-15 22:28:19 [CLIENT] [INFO] Setting user: Gitler
2021-12-15 22:28:20 [CLIENT] [INFO] LWJGL Version: 2.9.0
2021-12-15 22:28:20 [CLIENT] [INFO] Reloading ResourceManager: Default
2021-12-15 22:28:22 [CLIENT] [INFO] Reloading ResourceManager: Default, FMLFileResourcePack:Forge Mod Loader, FMLFileResourcePack:Minecraft Forge
2021-12-15 22:28:22 [CLIENT] [INFO] Reloading ResourceManager: Default, FMLFileResourcePack:Forge Mod Loader, FMLFileResourcePack:Minecraft Forge
2021-12-15 22:28:23 [CLIENT] [SEVERE] Realms: Server not available!
2021-12-15 22:28:24 [CLIENT] [INFO] Stopping!
2021-12-15 22:28:53 [CLIENT] [INFO] Setting user: Gitler
2021-12-15 22:28:54 [CLIENT] [INFO] LWJGL Version: 2.9.0
2021-12-15 22:28:54 [CLIENT] [INFO] Reloading ResourceManager: Default
2021-12-15 22:28:56 [CLIENT] [INFO] Reloading ResourceManager: Default, FMLFileResourcePack:Forge Mod Loader, FMLFileResourcePack:Minecraft Forge
2021-12-15 22:28:57 [CLIENT] [INFO] Reloading ResourceManager: Default, FMLFileResourcePack:Forge Mod Loader, FMLFileResourcePack:Minecraft Forge
2021-12-15 22:28:57 [CLIENT] [SEVERE] Realms: Server not available!
2021-12-15 22:28:57 [CLIENT] [INFO] Stopping!
2021-12-16 16:12:39 [CLIENT] [INFO] Setting user: Gitler
2021-12-16 16:12:40 [CLIENT] [INFO] LWJGL Version: 2.9.0
2021-12-16 16:12:41 [CLIENT] [INFO] Reloading ResourceManager: Default
2021-12-16 16:12:42 [CLIENT] [INFO] Reloading ResourceManager: Default, FMLFileResourcePack:Forge Mod Loader, FMLFileResourcePack:Minecraft Forge
2021-12-16 16:12:43 [CLIENT] [INFO] Reloading ResourceManager: Default, FMLFileResourcePack:Forge Mod Loader, FMLFileResourcePack:Minecraft Forge
2021-12-16 16:12:43 [CLIENT] [INFO] Stopping!
2021-12-16 16:36:48 [CLIENT] [INFO] Setting user: gitle
2021-12-16 16:36:49 [CLIENT] [INFO] LWJGL Version: 2.9.0
2021-12-16 16:36:49 [CLIENT] [INFO] Reloading ResourceManager: Default
2021-12-16 16:36:51 [CLIENT] [INFO] Reloading ResourceManager: Default, FMLFileResourcePack:Forge Mod Loader, FMLFileResourcePack:Minecraft Forge
2021-12-16 16:36:51 [CLIENT] [INFO] Reloading ResourceManager: Default, FMLFileResourcePack:Forge Mod Loader, FMLFileResourcePack:Minecraft Forge
2021-12-16 16:36:52 [CLIENT] [SEVERE] Realms: Server not available!
2021-12-16 16:37:06 [CLIENT] [INFO] [CHAT] <gitle> ad
2021-12-16 16:37:10 [CLIENT] [INFO] Stopping!
2021-12-16 16:48:35 [CLIENT] [INFO] Setting user: gasd
2021-12-16 16:48:35 [CLIENT] [INFO] LWJGL Version: 2.9.0
2021-12-16 16:48:36 [CLIENT] [INFO] Reloading ResourceManager: Default
2021-12-16 16:48:37 [CLIENT] [INFO] Reloading ResourceManager: Default, FMLFileResourcePack:Forge Mod Loader, FMLFileResourcePack:Minecraft Forge
2021-12-16 16:48:38 [CLIENT] [INFO] Reloading ResourceManager: Default, FMLFileResourcePack:Forge Mod Loader, FMLFileResourcePack:Minecraft Forge
2021-12-16 16:48:38 [CLIENT] [SEVERE] Realms: Server not available!
2021-12-16 16:48:43 [CLIENT] [INFO] [CHAT] <gasd> dsg
2021-12-16 16:48:45 [CLIENT] [INFO] [CHAT] <gasd> sdagdgas
2021-12-16 16:48:46 [CLIENT] [INFO] Stopping!
2021-12-16 16:48:59 [CLIENT] [INFO] Setting user: BUSTER5000HUI
2021-12-16 16:48:59 [CLIENT] [INFO] LWJGL Version: 2.9.0
2021-12-16 16:49:00 [CLIENT] [INFO] Reloading ResourceManager: Default
2021-12-16 16:49:01 [CLIENT] [INFO] Reloading ResourceManager: Default, FMLFileResourcePack:Forge Mod Loader, FMLFileResourcePack:Minecraft Forge
2021-12-16 16:49:02 [CLIENT] [INFO] Reloading ResourceManager: Default, FMLFileResourcePack:Forge Mod Loader, FMLFileResourcePack:Minecraft Forge
2021-12-16 16:49:02 [CLIENT] [SEVERE] Realms: Server not available!
2021-12-16 16:49:07 [CLIENT] [INFO] [CHAT] <BUSTER5000HUI> dsag
2021-12-16 16:49:09 [CLIENT] [INFO] Stopping!
2021-12-16 17:11:47 [CLIENT] [INFO] Setting user: Player
2021-12-16 17:11:47 [CLIENT] [INFO] LWJGL Version: 2.9.0
2021-12-16 17:11:48 [CLIENT] [INFO] Reloading ResourceManager: Default
2021-12-16 17:11:50 [CLIENT] [INFO] Reloading ResourceManager: Default, FMLFileResourcePack:Forge Mod Loader, FMLFileResourcePack:Minecraft Forge
2021-12-16 17:11:50 [CLIENT] [INFO] Reloading ResourceManager: Default, FMLFileResourcePack:Forge Mod Loader, FMLFileResourcePack:Minecraft Forge
2021-12-16 17:11:51 [CLIENT] [SEVERE] Realms: Server not available!
2021-12-16 17:11:55 [CLIENT] [INFO] Stopping!
2021-12-16 17:23:09 [CLIENT] [INFO] Setting user: C:\Users\amd\AppData\Roaming\Sor
2021-12-16 17:23:09 [CLIENT] [INFO] LWJGL Version: 2.9.0
2021-12-16 17:23:10 [CLIENT] [INFO] Reloading ResourceManager: Default
2021-12-16 17:23:11 [CLIENT] [INFO] Reloading ResourceManager: Default, FMLFileResourcePack:Forge Mod Loader, FMLFileResourcePack:Minecraft Forge
2021-12-16 17:23:12 [CLIENT] [INFO] Reloading ResourceManager: Default, FMLFileResourcePack:Forge Mod Loader, FMLFileResourcePack:Minecraft Forge
2021-12-16 17:23:12 [CLIENT] [SEVERE] Realms: Server not available!
2021-12-16 17:23:14 [CLIENT] [INFO] Stopping!
2021-12-16 17:34:49 [CLIENT] [INFO] Setting user: C:\SortirCraft
2021-12-16 17:34:50 [CLIENT] [INFO] LWJGL Version: 2.9.0
2021-12-16 17:34:50 [CLIENT] [INFO] Reloading ResourceManager: Default
2021-12-16 17:34:52 [CLIENT] [INFO] Reloading ResourceManager: Default, FMLFileResourcePack:Forge Mod Loader, FMLFileResourcePack:Minecraft Forge
2021-12-16 17:34:52 [CLIENT] [INFO] Reloading ResourceManager: Default, FMLFileResourcePack:Forge Mod Loader, FMLFileResourcePack:Minecraft Forge
2021-12-16 17:34:54 [CLIENT] [SEVERE] Realms: Server not available!
2021-12-16 17:35:12 [CLIENT] [INFO] [CHAT] <C:\SortirCraft> a0
2021-12-16 17:35:23 [CLIENT] [INFO] Stopping!
2021-12-16 17:36:20 [CLIENT] [INFO] Setting user: ebalo_upalo
2021-12-16 17:36:21 [CLIENT] [INFO] LWJGL Version: 2.9.0
2021-12-16 17:36:22 [CLIENT] [INFO] Reloading ResourceManager: Default
2021-12-16 17:36:23 [CLIENT] [INFO] Reloading ResourceManager: Default, FMLFileResourcePack:Forge Mod Loader, FMLFileResourcePack:Minecraft Forge
2021-12-16 17:36:24 [CLIENT] [INFO] Reloading ResourceManager: Default, FMLFileResourcePack:Forge Mod Loader, FMLFileResourcePack:Minecraft Forge
2021-12-16 17:36:24 [CLIENT] [SEVERE] Realms: Server not available!
2021-12-16 17:36:33 [CLIENT] [INFO] [CHAT] <ebalo_upalo> jopa46
2021-12-16 17:38:03 [CLIENT] [INFO] Stopping!
