2021-12-14 17:32:28 [SERVER] [INFO] Starting integrated minecraft server version 1.6.4
2021-12-14 17:32:28 [SERVER] [INFO] Generating keypair
2021-12-14 17:32:29 [SERVER] [INFO] Converting map!
2021-12-14 17:32:29 [SERVER] [INFO] Scanning folders...
2021-12-14 17:32:29 [SERVER] [INFO] Total conversion count is 0
2021-12-14 17:32:29 [SERVER] [INFO] Preparing start region for level 0
2021-12-14 17:32:30 [SERVER] [INFO] Preparing spawn area: 26%
2021-12-14 17:32:31 [SERVER] [INFO] Preparing spawn area: 59%
2021-12-14 17:32:32 [SERVER] [INFO] Preparing spawn area: 89%
2021-12-14 17:32:32 [SERVER] [INFO] vovan2005[/127.0.0.1:0] logged in with entity id 105 at (246.5, 79.0, 253.5)
2021-12-14 17:32:32 [SERVER] [INFO] vovan2005 присоединился к игре
2021-12-14 17:32:35 [SERVER] [INFO] Saving and pausing game...
2021-12-14 17:32:35 [SERVER] [INFO] Saving chunks for level 'Новый мир'/Overworld
2021-12-14 17:32:40 [SERVER] [INFO] Saving chunks for level 'Новый мир'/Nether
2021-12-14 17:32:40 [SERVER] [INFO] Saving chunks for level 'Новый мир'/The End
2021-12-14 17:32:40 [SERVER] [WARNING] Can't keep up! Did the system time change, or is the server overloaded?
2021-12-14 17:33:32 [SERVER] [INFO] Stopping server
2021-12-14 17:33:32 [SERVER] [INFO] Saving players
2021-12-14 17:33:32 [SERVER] [INFO] vovan2005 покинул игру
2021-12-14 17:33:32 [SERVER] [INFO] Saving worlds
2021-12-14 17:33:32 [SERVER] [INFO] Saving chunks for level 'Новый мир'/Overworld
2021-12-14 17:33:32 [SERVER] [INFO] Saving chunks for level 'Новый мир'/Nether
2021-12-14 17:33:32 [SERVER] [INFO] Saving chunks for level 'Новый мир'/The End
2021-12-14 17:33:32 [SERVER] [INFO] Stopping server
2021-12-15 19:28:15 [SERVER] [INFO] Starting integrated minecraft server version 1.6.4
2021-12-15 19:28:15 [SERVER] [INFO] Generating keypair
2021-12-15 19:28:15 [SERVER] [INFO] Preparing start region for level 0
2021-12-15 19:28:16 [SERVER] [INFO] Preparing spawn area: 93%
2021-12-15 19:28:16 [SERVER] [INFO] Gitler[/127.0.0.1:0] logged in with entity id 445 at (246.5, 79.0, 253.5)
2021-12-15 19:28:16 [SERVER] [INFO] Gitler присоединился к игре
2021-12-15 19:28:22 [SERVER] [INFO] Saving and pausing game...
2021-12-15 19:28:22 [SERVER] [INFO] Saving chunks for level 'Новый мир'/Overworld
2021-12-15 19:28:24 [SERVER] [INFO] Saving chunks for level 'Новый мир'/Nether
2021-12-15 19:28:24 [SERVER] [INFO] Saving chunks for level 'Новый мир'/The End
2021-12-15 19:28:24 [SERVER] [WARNING] Can't keep up! Did the system time change, or is the server overloaded?
2021-12-15 19:28:24 [SERVER] [INFO] <Gitler> dd
2021-12-15 19:28:24 [SERVER] [INFO] <Gitler> a
2021-12-15 19:28:24 [SERVER] [INFO] Saving and pausing game...
2021-12-15 19:28:24 [SERVER] [INFO] Saving chunks for level 'Новый мир'/Overworld
2021-12-15 19:28:26 [SERVER] [INFO] Saving chunks for level 'Новый мир'/Nether
2021-12-15 19:28:26 [SERVER] [INFO] Saving chunks for level 'Новый мир'/The End
2021-12-15 19:29:01 [SERVER] [INFO] Saving and pausing game...
2021-12-15 19:29:01 [SERVER] [INFO] Saving chunks for level 'Новый мир'/Overworld
2021-12-15 19:29:01 [SERVER] [INFO] Saving chunks for level 'Новый мир'/Nether
2021-12-15 19:29:01 [SERVER] [INFO] Saving chunks for level 'Новый мир'/The End
2021-12-15 19:29:30 [SERVER] [INFO] Saving and pausing game...
2021-12-15 19:29:30 [SERVER] [INFO] Saving chunks for level 'Новый мир'/Overworld
2021-12-15 19:29:30 [SERVER] [INFO] Saving chunks for level 'Новый мир'/Nether
2021-12-15 19:29:30 [SERVER] [INFO] Saving chunks for level 'Новый мир'/The End
2021-12-15 19:29:32 [SERVER] [INFO] Stopping server
2021-12-15 19:29:32 [SERVER] [INFO] Saving players
2021-12-15 19:29:32 [SERVER] [INFO] Gitler покинул игру
2021-12-15 19:29:32 [SERVER] [INFO] Saving worlds
2021-12-15 19:29:32 [SERVER] [INFO] Saving chunks for level 'Новый мир'/Overworld
2021-12-15 19:29:32 [SERVER] [INFO] Saving chunks for level 'Новый мир'/Nether
2021-12-15 19:29:32 [SERVER] [INFO] Saving chunks for level 'Новый мир'/The End
2021-12-15 19:29:32 [SERVER] [INFO] Stopping server
2021-12-15 19:31:27 [SERVER] [INFO] Starting integrated minecraft server version 1.6.4
2021-12-15 19:31:27 [SERVER] [INFO] Generating keypair
2021-12-15 19:31:27 [SERVER] [INFO] Preparing start region for level 0
2021-12-15 19:31:28 [SERVER] [INFO] Gitler[/127.0.0.1:0] logged in with entity id 234 at (203.63513942691065, 65.0, 401.7462915976093)
2021-12-15 19:31:28 [SERVER] [INFO] Gitler присоединился к игре
2021-12-15 19:31:28 [SERVER] [INFO] Saving and pausing game...
2021-12-15 19:31:28 [SERVER] [INFO] Saving chunks for level 'Новый мир'/Overworld
2021-12-15 19:31:29 [SERVER] [INFO] Saving chunks for level 'Новый мир'/Nether
2021-12-15 19:31:29 [SERVER] [INFO] Saving chunks for level 'Новый мир'/The End
2021-12-15 19:31:57 [SERVER] [INFO] Saving and pausing game...
2021-12-15 19:31:57 [SERVER] [INFO] Saving chunks for level 'Новый мир'/Overworld
2021-12-15 19:31:57 [SERVER] [INFO] Saving chunks for level 'Новый мир'/Nether
2021-12-15 19:31:57 [SERVER] [INFO] Saving chunks for level 'Новый мир'/The End
2021-12-15 19:31:58 [SERVER] [INFO] Stopping server
2021-12-15 19:31:58 [SERVER] [INFO] Saving players
2021-12-15 19:31:58 [SERVER] [INFO] Gitler покинул игру
2021-12-15 19:31:58 [SERVER] [INFO] Saving worlds
2021-12-15 19:31:58 [SERVER] [INFO] Saving chunks for level 'Новый мир'/Overworld
2021-12-15 19:31:58 [SERVER] [INFO] Saving chunks for level 'Новый мир'/Nether
2021-12-15 19:31:58 [SERVER] [INFO] Saving chunks for level 'Новый мир'/The End
2021-12-15 19:31:58 [SERVER] [INFO] Stopping server
2021-12-16 16:37:02 [SERVER] [INFO] Starting integrated minecraft server version 1.6.4
2021-12-16 16:37:02 [SERVER] [INFO] Generating keypair
2021-12-16 16:37:03 [SERVER] [INFO] Preparing start region for level 0
2021-12-16 16:37:03 [SERVER] [INFO] gitle[/127.0.0.1:0] logged in with entity id 231 at (253.15477852308945, 64.0, 370.7954339961596)
2021-12-16 16:37:03 [SERVER] [INFO] gitle присоединился к игре
2021-12-16 16:37:06 [SERVER] [INFO] <gitle> ad
2021-12-16 16:37:08 [SERVER] [INFO] Saving and pausing game...
2021-12-16 16:37:08 [SERVER] [INFO] Saving chunks for level 'Новый мир'/Overworld
2021-12-16 16:37:08 [SERVER] [INFO] Saving chunks for level 'Новый мир'/Nether
2021-12-16 16:37:08 [SERVER] [INFO] Saving chunks for level 'Новый мир'/The End
2021-12-16 16:37:09 [SERVER] [INFO] Stopping server
2021-12-16 16:37:09 [SERVER] [INFO] Saving players
2021-12-16 16:37:09 [SERVER] [INFO] gitle покинул игру
2021-12-16 16:37:09 [SERVER] [INFO] Saving worlds
2021-12-16 16:37:09 [SERVER] [INFO] Saving chunks for level 'Новый мир'/Overworld
2021-12-16 16:37:09 [SERVER] [INFO] Saving chunks for level 'Новый мир'/Nether
2021-12-16 16:37:09 [SERVER] [INFO] Saving chunks for level 'Новый мир'/The End
2021-12-16 16:48:40 [SERVER] [INFO] Starting integrated minecraft server version 1.6.4
2021-12-16 16:48:40 [SERVER] [INFO] Generating keypair
2021-12-16 16:48:40 [SERVER] [INFO] Preparing start region for level 0
2021-12-16 16:48:41 [SERVER] [INFO] gasd[/127.0.0.1:0] logged in with entity id 235 at (256.0519795320856, 64.0, 369.4215219093824)
2021-12-16 16:48:41 [SERVER] [INFO] gasd присоединился к игре
2021-12-16 16:48:43 [SERVER] [INFO] <gasd> dsg
2021-12-16 16:48:45 [SERVER] [INFO] <gasd> sdagdgas
2021-12-16 16:48:45 [SERVER] [INFO] Saving and pausing game...
2021-12-16 16:48:45 [SERVER] [INFO] Saving chunks for level 'Новый мир'/Overworld
2021-12-16 16:48:45 [SERVER] [INFO] Saving chunks for level 'Новый мир'/Nether
2021-12-16 16:48:45 [SERVER] [INFO] Saving chunks for level 'Новый мир'/The End
2021-12-16 16:48:46 [SERVER] [INFO] Stopping server
2021-12-16 16:48:46 [SERVER] [INFO] Saving players
2021-12-16 16:48:46 [SERVER] [INFO] gasd покинул игру
2021-12-16 16:48:46 [SERVER] [INFO] Saving worlds
2021-12-16 16:48:46 [SERVER] [INFO] Saving chunks for level 'Новый мир'/Overworld
2021-12-16 16:48:46 [SERVER] [INFO] Saving chunks for level 'Новый мир'/Nether
2021-12-16 16:48:46 [SERVER] [INFO] Saving chunks for level 'Новый мир'/The End
2021-12-16 16:48:46 [SERVER] [INFO] Stopping server
2021-12-16 16:49:04 [SERVER] [INFO] Starting integrated minecraft server version 1.6.4
2021-12-16 16:49:04 [SERVER] [INFO] Generating keypair
2021-12-16 16:49:05 [SERVER] [INFO] Preparing start region for level 0
2021-12-16 16:49:05 [SERVER] [INFO] BUSTER5000HUI[/127.0.0.1:0] logged in with entity id 240 at (256.0519795320856, 64.0, 369.4215219093824)
2021-12-16 16:49:05 [SERVER] [INFO] BUSTER5000HUI присоединился к игре
2021-12-16 16:49:07 [SERVER] [INFO] <BUSTER5000HUI> dsag
2021-12-16 16:49:08 [SERVER] [INFO] Saving and pausing game...
2021-12-16 16:49:08 [SERVER] [INFO] Saving chunks for level 'Новый мир'/Overworld
2021-12-16 16:49:08 [SERVER] [INFO] Saving chunks for level 'Новый мир'/Nether
2021-12-16 16:49:08 [SERVER] [INFO] Saving chunks for level 'Новый мир'/The End
2021-12-16 16:49:09 [SERVER] [INFO] Stopping server
2021-12-16 16:49:09 [SERVER] [INFO] Saving players
2021-12-16 16:49:09 [SERVER] [INFO] BUSTER5000HUI покинул игру
2021-12-16 16:49:09 [SERVER] [INFO] Saving worlds
2021-12-16 16:49:09 [SERVER] [INFO] Saving chunks for level 'Новый мир'/Overworld
2021-12-16 16:49:09 [SERVER] [INFO] Saving chunks for level 'Новый мир'/Nether
2021-12-16 16:49:09 [SERVER] [INFO] Saving chunks for level 'Новый мир'/The End
2021-12-16 16:49:09 [SERVER] [INFO] Stopping server
2021-12-16 17:35:09 [SERVER] [INFO] Starting integrated minecraft server version 1.6.4
2021-12-16 17:35:09 [SERVER] [INFO] Generating keypair
2021-12-16 17:35:09 [SERVER] [INFO] Preparing start region for level 0
2021-12-16 17:35:10 [SERVER] [INFO] C:\SortirCraft[/127.0.0.1:0] logged in with entity id 240 at (255.65278691805491, 64.0, 368.5340363583646)
2021-12-16 17:35:10 [SERVER] [INFO] C:\SortirCraft присоединился к игре
2021-12-16 17:35:12 [SERVER] [INFO] <C:\SortirCraft> a0
2021-12-16 17:35:21 [SERVER] [INFO] Saving and pausing game...
2021-12-16 17:35:21 [SERVER] [WARNING] Failed to save player data for C:\SortirCraft
2021-12-16 17:35:21 [SERVER] [INFO] Saving chunks for level 'Новый мир'/Overworld
2021-12-16 17:35:21 [SERVER] [INFO] Saving chunks for level 'Новый мир'/Nether
2021-12-16 17:35:21 [SERVER] [INFO] Saving chunks for level 'Новый мир'/The End
2021-12-16 17:35:22 [SERVER] [INFO] Stopping server
2021-12-16 17:35:22 [SERVER] [INFO] Saving players
2021-12-16 17:35:22 [SERVER] [WARNING] Failed to save player data for C:\SortirCraft
2021-12-16 17:35:22 [SERVER] [INFO] C:\SortirCraft покинул игру
2021-12-16 17:35:22 [SERVER] [WARNING] Failed to save player data for C:\SortirCraft
2021-12-16 17:35:22 [SERVER] [INFO] Saving worlds
2021-12-16 17:35:22 [SERVER] [INFO] Saving chunks for level 'Новый мир'/Overworld
2021-12-16 17:35:22 [SERVER] [INFO] Saving chunks for level 'Новый мир'/Nether
2021-12-16 17:35:22 [SERVER] [INFO] Saving chunks for level 'Новый мир'/The End
2021-12-16 17:36:26 [SERVER] [INFO] Starting integrated minecraft server version 1.6.4
2021-12-16 17:36:26 [SERVER] [INFO] Generating keypair
2021-12-16 17:36:26 [SERVER] [INFO] Preparing start region for level 0
2021-12-16 17:36:27 [SERVER] [INFO] ebalo_upalo[/127.0.0.1:0] logged in with entity id 249 at (275.6423377038477, 69.0, 348.544832356497)
2021-12-16 17:36:27 [SERVER] [INFO] ebalo_upalo присоединился к игре
2021-12-16 17:36:33 [SERVER] [INFO] <ebalo_upalo> jopa46
2021-12-16 17:37:00 [SERVER] [INFO] Saving and pausing game...
2021-12-16 17:37:00 [SERVER] [INFO] Saving chunks for level 'Новый мир'/Overworld
2021-12-16 17:37:01 [SERVER] [INFO] Saving chunks for level 'Новый мир'/Nether
2021-12-16 17:37:01 [SERVER] [INFO] Saving chunks for level 'Новый мир'/The End
2021-12-16 17:38:01 [SERVER] [INFO] Saving and pausing game...
2021-12-16 17:38:01 [SERVER] [INFO] Saving chunks for level 'Новый мир'/Overworld
2021-12-16 17:38:01 [SERVER] [INFO] Saving chunks for level 'Новый мир'/Nether
2021-12-16 17:38:01 [SERVER] [INFO] Saving chunks for level 'Новый мир'/The End
2021-12-16 17:38:01 [SERVER] [INFO] Stopping server
2021-12-16 17:38:01 [SERVER] [INFO] Saving players
2021-12-16 17:38:01 [SERVER] [INFO] ebalo_upalo покинул игру
2021-12-16 17:38:01 [SERVER] [INFO] Saving worlds
2021-12-16 17:38:01 [SERVER] [INFO] Saving chunks for level 'Новый мир'/Overworld
2021-12-16 17:38:01 [SERVER] [INFO] Saving chunks for level 'Новый мир'/Nether
2021-12-16 17:38:01 [SERVER] [INFO] Saving chunks for level 'Новый мир'/The End
